<?xml version="1.0" encoding="utf-8"?><testsuites><testsuite name="pytest" errors="0" failures="0" skipped="0" tests="128" time="8.427" timestamp="2022-09-28T11:12:40.242413" hostname="fv-az246-52"><testcase classname="tests.test_commands" name="test_pgp_key[True-True-True]" time="0.006" /><testcase classname="tests.test_commands" name="test_pgp_key[False-True-True]" time="0.003" /><testcase classname="tests.test_commands" name="test_pgp_key[False-False-False]" time="0.003" /><testcase classname="tests.test_commands" name="test_pre_flight[0-0-True]" time="0.003" /><testcase classname="tests.test_commands" name="test_pre_flight[1-0-True]" time="0.002" /><testcase classname="tests.test_commands" name="test_pre_flight[1-1-False]" time="0.003" /><testcase classname="tests.test_commands" name="test_pre_flight[0-1-False]" time="0.003" /><testcase classname="tests.test_console" name="test_help" time="0.004" /><testcase classname="tests.test_console" name="test_version" time="0.002" /><testcase classname="tests.test_console" name="test_mutually_exclusive[-i--d]" time="0.002" /><testcase classname="tests.test_console" name="test_mutually_exclusive[-d--b]" time="0.002" /><testcase classname="tests.test_console" name="test_mutually_exclusive[-b--i]" time="0.002" /><testcase classname="tests.test_console" name="test_semver[-i-ook]" time="0.002" /><testcase classname="tests.test_console" name="test_semver[-b-ook]" time="0.003" /><testcase classname="tests.test_console" name="test_semver[-d-ook]" time="0.002" /><testcase classname="tests.test_console" name="test_semver[-i-v1.2.3]" time="0.002" /><testcase classname="tests.test_console" name="test_semver[-i-v 1.2.3]" time="0.002" /><testcase classname="tests.test_console" name="test_semver[-i-1.2.]" time="0.002" /><testcase classname="tests.test_console" name="test_verify_semver[None-None-None]" time="0.002" /><testcase classname="tests.test_console" name="test_verify_semver[1.2.3-1.2.3-None]" time="0.003" /><testcase classname="tests.test_console" name="test_verify_semver[ook-None-UsageError]" time="0.002" /><testcase classname="tests.test_console" name="test_console[-b-False-None-False-True-1]" time="0.074" /><testcase classname="tests.test_console" name="test_console[-b-False-None-True-True-1]" time="0.007" /><testcase classname="tests.test_console" name="test_console[-b-True-None-False-True-1]" time="0.007" /><testcase classname="tests.test_console" name="test_console[-b-True-None-True-True-0]" time="0.007" /><testcase classname="tests.test_console" name="test_console[-d-False-None-False-True-1]" time="0.007" /><testcase classname="tests.test_console" name="test_console[-d-False-None-True-True-1]" time="0.007" /><testcase classname="tests.test_console" name="test_console[-d-True-None-False-True-1]" time="0.008" /><testcase classname="tests.test_console" name="test_console[-d-True-None-True-True-0]" time="0.007" /><testcase classname="tests.test_console" name="test_console[-d-True-None-True-False-2]" time="0.007" /><testcase classname="tests.test_console" name="test_console[-i-False-False-False-True-1]" time="0.046" /><testcase classname="tests.test_console" name="test_console[-i-False-False-True-True-1]" time="0.022" /><testcase classname="tests.test_console" name="test_console[-i-False-True-False-True-1]" time="0.022" /><testcase classname="tests.test_console" name="test_console[-i-False-True-True-True-1]" time="0.023" /><testcase classname="tests.test_console" name="test_console[-i-True-False-False-True-1]" time="0.022" /><testcase classname="tests.test_console" name="test_console[-i-True-False-True-True-1]" time="0.022" /><testcase classname="tests.test_console" name="test_console[-i-True-True-False-True-1]" time="0.022" /><testcase classname="tests.test_console" name="test_console[-i-True-True-True-True-0]" time="0.022" /><testcase classname="tests.test_console" name="test_console[-i-True-True-True-False-2]" time="0.022" /><testcase classname="tests.test_console" name="test_no_option" time="0.025" /><testcase classname="tests.test_console" name="test_service_account_does_not_exist" time="0.003" /><testcase classname="tests.test_console" name="test_service_account_cannot_be_found" time="0.008" /><testcase classname="tests.test_console" name="test_installation_data_is_invalid" time="0.022" /><testcase classname="tests.test_gbucket" name="test_implicit_data" time="0.002" /><testcase classname="tests.test_gbucket" name="test_derived_data" time="0.002" /><testcase classname="tests.test_gbucket" name="test_error_sa_files[items0]" time="0.002" /><testcase classname="tests.test_gbucket" name="test_error_sa_files[items1]" time="0.001" /><testcase classname="tests.test_gbucket" name="test_get[None-True]" time="0.006" /><testcase classname="tests.test_gbucket" name="test_get[error1-False]" time="0.005" /><testcase classname="tests.test_gbucket" name="test_validate[tests/ranni-valid.env.yaml-True]" time="0.016" /><testcase classname="tests.test_gbucket" name="test_validate[tests/ranni-invalid.env.yaml-False]" time="0.016" /><testcase classname="tests.test_gbucket" name="test_fetch[True-True-True]" time="0.003" /><testcase classname="tests.test_gbucket" name="test_fetch[False-True-False]" time="0.003" /><testcase classname="tests.test_gbucket" name="test_fetch[True-False-False]" time="0.003" /><testcase classname="tests.test_gbucket" name="test_fetch[False-False-False]" time="0.003" /><testcase classname="tests.test_gbucket" name="test_sa_is_path" time="0.002" /><testcase classname="tests.test_get_url" name="test_copy_url[True]" time="0.011" /><testcase classname="tests.test_get_url" name="test_copy_url[False]" time="0.008" /><testcase classname="tests.test_get_url" name="test_copy_url_RequestException" time="0.007" /><testcase classname="tests.test_get_url" name="test_download" time="0.011" /><testcase classname="tests.test_get_url" name="test_download_failed" time="0.010" /><testcase classname="tests.test_get_url" name="test_take_backup" time="0.003" /><testcase classname="tests.test_get_url" name="test_take_backup_no_need" time="0.001" /><testcase classname="tests.test_get_url" name="test_downloader_get_files[_get_files-Elden Ring-True-False]" time="0.005" /><testcase classname="tests.test_get_url" name="test_downloader_get_files[_get_files-backup-False-False]" time="0.004" /><testcase classname="tests.test_get_url" name="test_downloader_get_files[_get_files-backup-True-True]" time="0.004" /><testcase classname="tests.test_get_url" name="test_downloader_get_files[_get_files-debug-False-False]" time="0.004" /><testcase classname="tests.test_get_url" name="test_downloader_get_files[_get_files-debug-True-True]" time="0.004" /><testcase classname="tests.test_get_url" name="test_downloader_get_files[_get_files-install-False-False]" time="0.004" /><testcase classname="tests.test_get_url" name="test_downloader_get_files[_get_files-install-True-True]" time="0.004" /><testcase classname="tests.test_get_url" name="test_get_files[True-None-True]" time="0.005" /><testcase classname="tests.test_get_url" name="test_get_files[True-error1-False]" time="0.006" /><testcase classname="tests.test_get_url" name="test_get_files[True-RequestException-False]" time="0.005" /><testcase classname="tests.test_get_url" name="test_get_files[False-None-False]" time="0.005" /><testcase classname="tests.test_get_url" name="test_get_files[False-OSError-False]" time="0.005" /><testcase classname="tests.test_get_url" name="test_get_files[False-RequestException-False]" time="0.005" /><testcase classname="tests.test_get_url" name="test_fetch[4362bac71d971fc7d7b69a757de6fbcb5e1c513b393609043cae67b5341bd4af-None-True]" time="0.004" /><testcase classname="tests.test_get_url" name="test_fetch[deadbeefdeadbeefdeadbeefdeadbeefdeadbeefdeadbeefdeadbeefdeadbeef-None-False]" time="0.005" /><testcase classname="tests.test_get_url" name="test_fetch[4362bac71d971fc7d7b69a757de6fbcb5e1c513b393609043cae67b5341bd4af-OSError-False]" time="0.005" /><testcase classname="tests.test_get_url" name="test_fetch[4362bac71d971fc7d7b69a757de6fbcb5e1c513b393609043cae67b5341bd4af-RequestException-False]" time="0.005" /><testcase classname="tests.test_get_url" name="test_execute_script_do_not_execute" time="0.004" /><testcase classname="tests.test_get_url" name="test_execute_script_signature_failed" time="0.005" /><testcase classname="tests.test_get_url" name="test_execute_script[1-False-a hunter must hunt-grant us eyes]" time="0.012" /><testcase classname="tests.test_get_url" name="test_execute_script[0-True--]" time="0.011" /><testcase classname="tests.test_get_url_functional" name="test_get_real_scripts[install-v3.6.1-worldr-install-v3.6.1]" time="0.404" /><testcase classname="tests.test_get_url_functional" name="test_get_real_scripts[debug-v0.10.0-worldr-debug-v0.10.0]" time="0.698" /><testcase classname="tests.test_get_url_functional" name="test_get_real_scripts[backup-v3.7.9-backup-restore-v3.7.9]" time="0.629" /><testcase classname="tests.test_get_url_functional" name="test_fetch_goss[goss-linux-amd64-https://github.com/aelsabbahy/goss/releases/download/v0.3.16/goss-linux-amd64]" time="0.368" /><testcase classname="tests.test_get_url_functional" name="test_fetch_goss[goss-infrastructure.yaml-https://storage.googleapis.com/worldr-install/goss-infrastructure.yaml]" time="0.219" /><testcase classname="tests.test_get_url_functional" name="test_fetch_goss[goss-security.yaml-https://storage.googleapis.com/worldr-install/goss-security.yaml]" time="0.359" /><testcase classname="tests.test_get_url_functional" name="test_execute_script" time="3.648" /><testcase classname="tests.test_gpg" name="test_worldr_key_exists" time="0.006" /><testcase classname="tests.test_gpg" name="test_worldr_key_does_not_exist" time="0.004" /><testcase classname="tests.test_gpg" name="test_worldr_key_does_not_exist_but_there_are_others" time="0.003" /><testcase classname="tests.test_gpg" name="test_import_key_failure" time="0.007" /><testcase classname="tests.test_gpg" name="test_import_key_success" time="0.006" /><testcase classname="tests.test_gpg" name="test_verify_failure" time="0.006" /><testcase classname="tests.test_gpg" name="test_verify_success" time="0.006" /><testcase classname="tests.test_gpg" name="test_verify_for_real" time="0.021" /><testcase classname="tests.test_pre_flight" name="test_home_bin" time="0.006" /><testcase classname="tests.test_pre_flight" name="test_goss_version_good" time="0.010" /><testcase classname="tests.test_pre_flight" name="test_goss_version_bad" time="0.009" /><testcase classname="tests.test_pre_flight" name="test_PreFlight_goss_is_cached" time="0.007" /><testcase classname="tests.test_pre_flight" name="test_security" time="0.007" /><testcase classname="tests.test_pre_flight" name="test_infrastructure" time="0.007" /><testcase classname="tests.test_pre_flight" name="test_run[1]" time="0.010" /><testcase classname="tests.test_pre_flight" name="test_run[0]" time="0.010" /><testcase classname="tests.test_pre_flight" name="test_run_ProcessExecutionError" time="0.024" /><testcase classname="tests.test_print" name="test_wprint[None-None-I Am Malenia, Blade Of Miquella, And I Have Never Known Defeat.]" time="0.001" /><testcase classname="tests.test_print" name="test_wprint[note-None-I Am Malenia, Blade Of Miquella, And I Have Never Known Defeat.]" time="0.001" /><testcase classname="tests.test_print" name="test_wprint[info-:thumbs_up:-I Am Malenia, Blade Of Miquella, And I Have Never Known Defeat.]" time="0.001" /><testcase classname="tests.test_print" name="test_wprint[warning-:warning-emoji:-I Am Malenia, Blade Of Miquella, And I Have Never Known Defeat.]" time="0.001" /><testcase classname="tests.test_print" name="test_wprint[success-:heavy_check_mark:-I Am Malenia, Blade Of Miquella, And I Have Never Known Defeat.]" time="0.001" /><testcase classname="tests.test_print" name="test_wprint[failure-:x:-I Am Malenia, Blade Of Miquella, And I Have Never Known Defeat.]" time="0.001" /><testcase classname="tests.test_print" name="test_wprint[None-None-[i]I Am Malenia[/i], [b][red]Blade Of Miquella[/red][/b], And [i][b]I Have [blue]Never[/blue] Known Defeat.[/i][/b]:skull:]" time="0.001" /><testcase classname="tests.test_print" name="test_wprint[note-None-[i]I Am Malenia[/i], [b][red]Blade Of Miquella[/red][/b], And [i][b]I Have [blue]Never[/blue] Known Defeat.[/i][/b]:skull:]" time="0.001" /><testcase classname="tests.test_print" name="test_wprint[info-:thumbs_up:-[i]I Am Malenia[/i], [b][red]Blade Of Miquella[/red][/b], And [i][b]I Have [blue]Never[/blue] Known Defeat.[/i][/b]:skull:]" time="0.001" /><testcase classname="tests.test_print" name="test_wprint[warning-:warning-emoji:-[i]I Am Malenia[/i], [b][red]Blade Of Miquella[/red][/b], And [i][b]I Have [blue]Never[/blue] Known Defeat.[/i][/b]:skull:]" time="0.001" /><testcase classname="tests.test_print" name="test_wprint[success-:heavy_check_mark:-[i]I Am Malenia[/i], [b][red]Blade Of Miquella[/red][/b], And [i][b]I Have [blue]Never[/blue] Known Defeat.[/i][/b]:skull:]" time="0.001" /><testcase classname="tests.test_print" name="test_wprint[failure-:x:-[i]I Am Malenia[/i], [b][red]Blade Of Miquella[/red][/b], And [i][b]I Have [blue]Never[/blue] Known Defeat.[/i][/b]:skull:]" time="0.001" /><testcase classname="tests.test_schema" name="test_schema_success" time="0.015" /><testcase classname="tests.test_utils" name="test_join_with_oxford_commas[items0-]" time="0.001" /><testcase classname="tests.test_utils" name="test_join_with_oxford_commas[items1-apples]" time="0.001" /><testcase classname="tests.test_utils" name="test_join_with_oxford_commas[items2-apples, and oranges]" time="0.001" /><testcase classname="tests.test_utils" name="test_join_with_oxford_commas[items3-apples, oranges, and pears]" time="0.001" /><testcase classname="tests.test_utils" name="test_join_with_oxford_commas[abc-a, b, and c]" time="0.001" /><testcase classname="tests.test_utils" name="test_join_with_oxford_commas[items5-1, 2, and 3]" time="0.001" /><testcase classname="tests.test_utils" name="test_join_with_oxford_commas[items6-., ., and .]" time="0.005" /></testsuite></testsuites>
